2017-04-18 11:26:30,451 [INFO] from application in ForkJoinPool-2-worker-1 - Creating Pool for datasource 'default'
2017-04-18 11:26:30,528 [INFO] from play.api.db.DefaultDBApi in ForkJoinPool-2-worker-1 - Database [default] connected at jdbc:h2:file:./data/OnlineShop
2017-04-18 11:26:31,925 [WARN] from com.avaje.ebeaninternal.server.deploy.BeanDescriptorManager in ForkJoinPool-2-worker-1 - Bean [models.Size] has no unique id set
2017-04-18 11:26:32,335 [INFO] from application in ForkJoinPool-2-worker-1 - ApplicationTimer demo: Starting application at 2017-04-18T10:26:32.334Z
2017-04-18 11:26:34,155 [INFO] from play.api.Play in ForkJoinPool-2-worker-1 - Application started (Dev)
2017-04-18 11:27:08,398 [INFO] from application in application-akka.actor.default-dispatcher-6 - ApplicationTimer demo: Stopping application at 2017-04-18T10:27:08.398Z after 36s.
2017-04-18 11:27:08,402 [INFO] from application in application-akka.actor.default-dispatcher-6 - Shutting down connection pool.
2017-04-18 11:27:08,954 [INFO] from application in application-akka.actor.default-dispatcher-6 - Creating Pool for datasource 'default'
2017-04-18 11:27:08,965 [INFO] from play.api.db.DefaultDBApi in application-akka.actor.default-dispatcher-6 - Database [default] connected at jdbc:h2:file:./data/OnlineShop
2017-04-18 11:27:09,181 [WARN] from com.avaje.ebeaninternal.server.deploy.BeanDescriptorManager in application-akka.actor.default-dispatcher-6 - Bean [models.Size] has no unique id set
2017-04-18 11:27:09,277 [INFO] from application in application-akka.actor.default-dispatcher-6 - ApplicationTimer demo: Starting application at 2017-04-18T10:27:09.273Z
2017-04-18 11:27:09,648 [INFO] from play.api.Play in application-akka.actor.default-dispatcher-6 - Application started (Dev)
2017-04-18 11:28:34,098 [INFO] from application in application-akka.actor.default-dispatcher-5 - ApplicationTimer demo: Stopping application at 2017-04-18T10:28:34.098Z after 85s.
2017-04-18 11:28:34,101 [INFO] from application in application-akka.actor.default-dispatcher-5 - Shutting down connection pool.
2017-04-18 11:28:34,535 [INFO] from application in application-akka.actor.default-dispatcher-5 - Creating Pool for datasource 'default'
2017-04-18 11:28:34,561 [INFO] from play.api.db.DefaultDBApi in application-akka.actor.default-dispatcher-5 - Database [default] connected at jdbc:h2:file:./data/OnlineShop
2017-04-18 11:28:34,771 [WARN] from com.avaje.ebeaninternal.server.deploy.BeanDescriptorManager in application-akka.actor.default-dispatcher-5 - Bean [models.Size] has no unique id set
2017-04-18 11:28:34,878 [INFO] from application in application-akka.actor.default-dispatcher-5 - ApplicationTimer demo: Starting application at 2017-04-18T10:28:34.878Z
2017-04-18 11:28:35,197 [INFO] from play.api.Play in application-akka.actor.default-dispatcher-5 - Application started (Dev)
2017-04-18 11:30:37,568 [INFO] from application in application-akka.actor.default-dispatcher-2 - ApplicationTimer demo: Stopping application at 2017-04-18T10:30:37.568Z after 123s.
2017-04-18 11:30:37,569 [INFO] from application in application-akka.actor.default-dispatcher-2 - Shutting down connection pool.
2017-04-18 11:30:37,932 [INFO] from application in application-akka.actor.default-dispatcher-2 - Creating Pool for datasource 'default'
2017-04-18 11:30:37,942 [INFO] from play.api.db.DefaultDBApi in application-akka.actor.default-dispatcher-2 - Database [default] connected at jdbc:h2:file:./data/OnlineShop
2017-04-18 11:30:38,084 [WARN] from com.avaje.ebeaninternal.server.deploy.BeanDescriptorManager in application-akka.actor.default-dispatcher-2 - Bean [models.Size] has no unique id set
2017-04-18 11:30:38,131 [INFO] from application in application-akka.actor.default-dispatcher-2 - ApplicationTimer demo: Starting application at 2017-04-18T10:30:38.131Z
2017-04-18 11:30:38,408 [INFO] from play.api.Play in application-akka.actor.default-dispatcher-2 - Application started (Dev)
2017-04-18 11:32:56,301 [INFO] from application in application-akka.actor.default-dispatcher-8 - ApplicationTimer demo: Stopping application at 2017-04-18T10:32:56.301Z after 138s.
2017-04-18 11:32:56,302 [INFO] from application in application-akka.actor.default-dispatcher-8 - Shutting down connection pool.
2017-04-18 11:32:56,641 [INFO] from application in application-akka.actor.default-dispatcher-8 - Creating Pool for datasource 'default'
2017-04-18 11:32:56,647 [INFO] from play.api.db.DefaultDBApi in application-akka.actor.default-dispatcher-8 - Database [default] connected at jdbc:h2:file:./data/OnlineShop
2017-04-18 11:32:56,797 [WARN] from com.avaje.ebeaninternal.server.deploy.BeanDescriptorManager in application-akka.actor.default-dispatcher-8 - Bean [models.Size] has no unique id set
2017-04-18 11:32:56,862 [INFO] from application in application-akka.actor.default-dispatcher-8 - ApplicationTimer demo: Starting application at 2017-04-18T10:32:56.861Z
2017-04-18 11:32:57,132 [INFO] from play.api.Play in application-akka.actor.default-dispatcher-8 - Application started (Dev)
2017-04-18 11:35:37,788 [ERROR] from application in netty-event-loop-3 - 

! @73lbje06k - Internal server error, for (GET) [/admin/addproduct] ->
 
play.sbt.PlayExceptions$CompilationException: Compilation error[cannot find symbol
  symbol:   variable newProduct2
  location: class controllers.AdminController]
	at play.sbt.PlayExceptions$CompilationException$.apply(PlayExceptions.scala:27)
	at play.sbt.PlayExceptions$CompilationException$.apply(PlayExceptions.scala:27)
	at scala.Option.map(Option.scala:145)
	at play.sbt.run.PlayReload$$anonfun$taskFailureHandler$1.apply(PlayReload.scala:49)
	at play.sbt.run.PlayReload$$anonfun$taskFailureHandler$1.apply(PlayReload.scala:44)
	at scala.Option.map(Option.scala:145)
	at play.sbt.run.PlayReload$.taskFailureHandler(PlayReload.scala:44)
	at play.sbt.run.PlayReload$.compileFailure(PlayReload.scala:40)
	at play.sbt.run.PlayReload$$anonfun$compile$1.apply(PlayReload.scala:17)
	at play.sbt.run.PlayReload$$anonfun$compile$1.apply(PlayReload.scala:17)
	at scala.util.Either$LeftProjection.map(Either.scala:377)
	at play.sbt.run.PlayReload$.compile(PlayReload.scala:17)
	at play.sbt.run.PlayRun$$anonfun$playRunTask$1$$anonfun$apply$2$$anonfun$apply$3$$anonfun$2.apply(PlayRun.scala:61)
	at play.sbt.run.PlayRun$$anonfun$playRunTask$1$$anonfun$apply$2$$anonfun$apply$3$$anonfun$2.apply(PlayRun.scala:61)
	at play.runsupport.Reloader$$anonfun$reload$1.apply(Reloader.scala:339)
	at play.runsupport.Reloader$$anon$3.run(Reloader.scala:44)
	at java.security.AccessController.doPrivileged(Native Method)
	at play.runsupport.Reloader$.play$runsupport$Reloader$$withReloaderContextClassLoader(Reloader.scala:40)
	at play.runsupport.Reloader.reload(Reloader.scala:337)
	at play.core.server.DevServerStart$$anonfun$mainDev$1$$anon$1$$anonfun$get$1.apply(DevServerStart.scala:123)
	at play.core.server.DevServerStart$$anonfun$mainDev$1$$anon$1$$anonfun$get$1.apply(DevServerStart.scala:121)
	at scala.concurrent.impl.Future$PromiseCompletingRunnable.liftedTree1$1(Future.scala:24)
	at scala.concurrent.impl.Future$PromiseCompletingRunnable.run(Future.scala:24)
	at akka.dispatch.TaskInvocation.run(AbstractDispatcher.scala:39)
	at akka.dispatch.ForkJoinExecutorConfigurator$AkkaForkJoinTask.exec(AbstractDispatcher.scala:415)
	at scala.concurrent.forkjoin.ForkJoinTask.doExec(ForkJoinTask.java:260)
	at scala.concurrent.forkjoin.ForkJoinPool$WorkQueue.runTask(ForkJoinPool.java:1339)
	at scala.concurrent.forkjoin.ForkJoinPool.runWorker(ForkJoinPool.java:1979)
	at scala.concurrent.forkjoin.ForkJoinWorkerThread.run(ForkJoinWorkerThread.java:107)
2017-04-18 11:36:08,570 [INFO] from application in application-akka.actor.default-dispatcher-2 - ApplicationTimer demo: Stopping application at 2017-04-18T10:36:08.569Z after 192s.
2017-04-18 11:36:08,570 [INFO] from application in application-akka.actor.default-dispatcher-2 - Shutting down connection pool.
2017-04-18 11:36:08,911 [INFO] from application in application-akka.actor.default-dispatcher-2 - Creating Pool for datasource 'default'
2017-04-18 11:36:08,916 [INFO] from play.api.db.DefaultDBApi in application-akka.actor.default-dispatcher-2 - Database [default] connected at jdbc:h2:file:./data/OnlineShop
2017-04-18 11:36:09,003 [WARN] from com.avaje.ebeaninternal.server.deploy.BeanDescriptorManager in application-akka.actor.default-dispatcher-2 - Bean [models.Size] has no unique id set
2017-04-18 11:36:09,079 [INFO] from application in application-akka.actor.default-dispatcher-2 - ApplicationTimer demo: Starting application at 2017-04-18T10:36:09.078Z
2017-04-18 11:36:09,402 [INFO] from play.api.Play in application-akka.actor.default-dispatcher-2 - Application started (Dev)
2017-04-18 11:39:18,197 [INFO] from application in pool-71-thread-5 - ApplicationTimer demo: Stopping application at 2017-04-18T10:39:18.197Z after 189s.
2017-04-18 11:39:18,199 [INFO] from application in pool-71-thread-5 - Shutting down connection pool.
